-------------------------------------------------------------------------------
Test set: integration.servicelayer.customer.SvcCreateCustomerTest
-------------------------------------------------------------------------------
Tests run: 1, Failures: 0, Errors: 1, Skipped: 0, Time elapsed: 3.023 s <<< FAILURE! - in integration.servicelayer.customer.SvcCreateCustomerTest
integration.servicelayer.customer.SvcCreateCustomerTest  Time elapsed: 3.023 s  <<< ERROR!
java.lang.ExceptionInInitializerError
Caused by: org.testcontainers.containers.ContainerLaunchException: Container startup failed
Caused by: org.testcontainers.containers.ContainerFetchException: Can't get Docker image: RemoteDockerImage(imageName=mysql, imagePullPolicy=DefaultPullPolicy())
Caused by: com.github.dockerjava.api.exception.NotFoundException: 
Status 404: {"message":"No such image: testcontainers/ryuk:0.3.0"}


