<?xml version="1.0" encoding="UTF-8"?>
<testsuite xmlns:xsi="http://www.w3.org/2001/XMLSchema-instance" xsi:noNamespaceSchemaLocation="https://maven.apache.org/surefire/maven-surefire-plugin/xsd/surefire-test-report-3.0.xsd" version="3.0" name="unit.servicelayer.customer.CreateCustomerTest" time="1.101" tests="1" errors="0" skipped="0" failures="0">
  <properties>
[...]
</properties>
  <testcase name="mustCallStorageWhenCreatingCustomer" classname="unit.servicelayer.customer.CreateCustomerTest" time="0.052"/>
</testsuite>